<?xml version="1.0" encoding="UTF-8"?>
<robot generator="Robot 4.1.3 (Python 3.7.5 on win32)" generated="20211230 11:51:16.587" rpa="false" schemaversion="2">
<suite id="s1" name="Robot Interactive Console" source="c:\Users\adimaria\.vscode\extensions\robocorp.robotframework-lsp-0.35.0\src\robotframework_ls\vendored\robotframework_interactive\robot_interactive_console.robot">
<test id="s1-t1" name="Default Task/Test">
<kw name="Interpreter Main Loop" library="MainLoop">
<kw name="Download" library="RPA.HTTP">
<arg>https://robotsparebinindustries.com/orders.csv</arg>
<arg>overwrite=True</arg>
<doc>An alias for the ``HTTP Get`` keyword.</doc>
<msg timestamp="20211230 11:51:39.550" level="FAIL">SSLError: HTTPSConnectionPool(host='robotsparebinindustries.com', port=443): Max retries exceeded with url: /orders.csv (Caused by SSLError(SSLCertVerificationError(1, '[SSL: CERTIFICATE_VERIFY_FAILED] certificate verify failed: unable to get local issuer certificate (_ssl.c:1076)')))</msg>
<status status="FAIL" starttime="20211230 11:51:38.356" endtime="20211230 11:51:39.550"/>
</kw>
<kw name="Click Button">
<arg>css:btn btn-dark</arg>
<msg timestamp="20211230 12:22:10.865" level="FAIL">No keyword with name 'Click Button' found.</msg>
<status status="FAIL" starttime="20211230 12:22:10.865" endtime="20211230 12:22:10.866"/>
</kw>
<kw name="Click Button" library="RPA.Browser">
<arg>css:btn btn-dark</arg>
<doc>Clicks the button identified by ``locator``.</doc>
<kw name="Capture Page Screenshot" library="RPA.Browser">
<doc>Takes a screenshot of the current page and embeds it into a log file.</doc>
<status status="PASS" starttime="20211230 12:22:37.906" endtime="20211230 12:22:37.906"/>
</kw>
<msg timestamp="20211230 12:22:37.910" level="FAIL">No browser is open.</msg>
<status status="FAIL" starttime="20211230 12:22:37.904" endtime="20211230 12:22:37.910"/>
</kw>
<kw name="Open Available Browser" library="RPA.Browser">
<arg>https://robotsparebinindustries.com/#/robot-order</arg>
<doc>Attempts to open a browser on the user's device from a set of
supported browsers. Automatically downloads a corresponding webdriver
if none is already installed.</doc>
<status status="PASS" starttime="20211230 12:22:54.259" endtime="20211230 12:22:56.717"/>
</kw>
<kw name="Click Button" library="RPA.Browser">
<arg>css:btn btn-dark</arg>
<doc>Clicks the button identified by ``locator``.</doc>
<kw name="Capture Page Screenshot" library="RPA.Browser">
<doc>Takes a screenshot of the current page and embeds it into a log file.</doc>
<status status="PASS" starttime="20211230 12:23:10.658" endtime="20211230 12:23:10.768"/>
</kw>
<msg timestamp="20211230 12:23:10.769" level="FAIL">Button with locator 'css:btn btn-dark' not found.</msg>
<status status="FAIL" starttime="20211230 12:23:10.643" endtime="20211230 12:23:10.769"/>
</kw>
<kw name="Click Button" library="RPA.Browser">
<arg>css:btn-dark</arg>
<doc>Clicks the button identified by ``locator``.</doc>
<kw name="Capture Page Screenshot" library="RPA.Browser">
<doc>Takes a screenshot of the current page and embeds it into a log file.</doc>
<status status="PASS" starttime="20211230 12:23:18.738" endtime="20211230 12:23:18.831"/>
</kw>
<msg timestamp="20211230 12:23:18.832" level="FAIL">Button with locator 'css:btn-dark' not found.</msg>
<status status="FAIL" starttime="20211230 12:23:18.726" endtime="20211230 12:23:18.832"/>
</kw>
<kw name="Click Button" library="RPA.Browser">
<arg>xpath://*[@id="root"]/div/div[2]/div/div/div/div/div/button[1]</arg>
<doc>Clicks the button identified by ``locator``.</doc>
<status status="PASS" starttime="20211230 12:27:08.326" endtime="20211230 12:27:08.401"/>
</kw>
<kw name="Click Button" library="RPA.Browser">
<arg>xpath://*[@id='root']/div/div[2]/div/div/div/div/div/button[1]</arg>
<doc>Clicks the button identified by ``locator``.</doc>
<kw name="Capture Page Screenshot" library="RPA.Browser">
<doc>Takes a screenshot of the current page and embeds it into a log file.</doc>
<status status="PASS" starttime="20211230 12:27:30.234" endtime="20211230 12:27:30.365"/>
</kw>
<msg timestamp="20211230 12:27:30.368" level="FAIL">ElementNotInteractableException: Message: element not interactable
  (Session info: chrome=96.0.4664.110)
</msg>
<status status="FAIL" starttime="20211230 12:27:30.195" endtime="20211230 12:27:30.368"/>
</kw>
<kw name="Click Button" library="RPA.Browser">
<arg>xpath://*[@id='root']/div/div[2]/div/div/div/div/div/button[1]</arg>
<doc>Clicks the button identified by ``locator``.</doc>
<status status="PASS" starttime="20211230 12:27:42.458" endtime="20211230 12:27:42.512"/>
</kw>
<kw name="Click Button" library="RPA.Browser">
<arg>OK</arg>
<doc>Clicks the button identified by ``locator``.</doc>
<status status="PASS" starttime="20211230 12:30:30.022" endtime="20211230 12:30:30.072"/>
</kw>
<kw name="Open Available Browser" library="RPA.Browser">
<arg>https://robotsparebinindustries.com/#/robot-order</arg>
<doc>Attempts to open a browser on the user's device from a set of
supported browsers. Automatically downloads a corresponding webdriver
if none is already installed.</doc>
<status status="PASS" starttime="20211230 12:47:20.387" endtime="20211230 12:47:23.054"/>
</kw>
<kw name="Click Button" library="RPA.Browser">
<arg>OK</arg>
<doc>Clicks the button identified by ``locator``.</doc>
<status status="PASS" starttime="20211230 12:47:35.392" endtime="20211230 12:47:35.443"/>
</kw>
<kw name="Input Text" library="RPA.Browser">
<arg>xpath://*[@id="1640864749014"]</arg>
<arg>10</arg>
<doc>Types the given ``text`` into the text field identified by ``locator``.</doc>
<kw name="Capture Page Screenshot" library="RPA.Browser">
<doc>Takes a screenshot of the current page and embeds it into a log file.</doc>
<status status="PASS" starttime="20211230 12:48:09.707" endtime="20211230 12:48:09.820"/>
</kw>
<msg timestamp="20211230 12:48:09.822" level="FAIL">Element with locator 'xpath://*[@id="1640864749014"]' not found.</msg>
<status status="FAIL" starttime="20211230 12:48:09.697" endtime="20211230 12:48:09.822"/>
</kw>
<kw name="Input Text" library="RPA.Browser">
<arg>placeholder:"Enter the part number for the legs"</arg>
<arg>5</arg>
<doc>Types the given ``text`` into the text field identified by ``locator``.</doc>
<kw name="Capture Page Screenshot" library="RPA.Browser">
<doc>Takes a screenshot of the current page and embeds it into a log file.</doc>
<status status="PASS" starttime="20211230 12:49:56.400" endtime="20211230 12:49:56.527"/>
</kw>
<msg timestamp="20211230 12:49:56.528" level="FAIL">Element with locator 'placeholder:"Enter the part number for the legs"' not found.</msg>
<status status="FAIL" starttime="20211230 12:49:56.389" endtime="20211230 12:49:56.528"/>
</kw>
<kw name="Select Radio Button" library="RPA.Browser">
<arg>class:stacked</arg>
<arg>1</arg>
<doc>Sets the radio button group ``group_name`` to ``value``.</doc>
<kw name="Capture Page Screenshot" library="RPA.Browser">
<doc>Takes a screenshot of the current page and embeds it into a log file.</doc>
<msg timestamp="20211230 12:58:01.046" level="FAIL">WebDriverException: Message: chrome not reachable
  (Session info: chrome=96.0.4664.110)
</msg>
<status status="FAIL" starttime="20211230 12:57:49.024" endtime="20211230 12:58:01.046"/>
</kw>
<msg timestamp="20211230 12:58:01.047" level="FAIL">WebDriverException: Message: chrome not reachable
  (Session info: chrome=96.0.4664.110)
</msg>
<status status="FAIL" starttime="20211230 12:57:37.001" endtime="20211230 12:58:01.047"/>
</kw>
<kw name="Open Available Browser" library="RPA.Browser">
<arg>https://robotsparebinindustries.com/#/robot-order</arg>
<doc>Attempts to open a browser on the user's device from a set of
supported browsers. Automatically downloads a corresponding webdriver
if none is already installed.</doc>
<status status="PASS" starttime="20211230 13:28:19.272" endtime="20211230 13:28:23.778"/>
</kw>
<kw name="Input Text" library="RPA.Browser">
<arg>type:number &gt;&gt; xpath://input</arg>
<arg>5</arg>
<doc>Types the given ``text`` into the text field identified by ``locator``.